<?xml version="1.0" encoding="UTF-8"?>
<!-- Generated by org.testng.reporters.JUnitReportReporter -->
<testsuite hostname="LAPTOP-4513KI40" failures="0" tests="1" name="testpkg.Fblogintest" time="7.126" errors="0" timestamp="2024-04-24T11:54:48 IST" skipped="0">
  <testcase classname="testpkg.Fblogintest" name="logintest" time="7.126"/>
  <system-out/>
</testsuite> <!-- testpkg.Fblogintest -->
