<?xml version="1.0" encoding="UTF-8"?>
<!-- Generated by org.testng.reporters.JUnitReportReporter -->
<testsuite hostname="LAPTOP-4513KI40" failures="0" tests="1" name="testngpkg.Fileupload" time="0.453" errors="0" timestamp="2024-04-16T12:46:26 IST" skipped="0">
  <testcase classname="testngpkg.Fileupload" name="account" time="0.453"/>
  <system-out/>
</testsuite> <!-- testngpkg.Fileupload -->
