<?xml version="1.0" encoding="UTF-8"?>
<!-- Generated by org.testng.reporters.JUnitReportReporter -->
<testsuite hostname="LAPTOP-4513KI40" failures="0" tests="1" name="testpkg.Fbcreatetest$Fblogintest" time="2.124" errors="0" timestamp="2024-04-24T12:44:31 IST" skipped="0">
  <testcase classname="testpkg.Fbcreatetest$Fblogintest" name="title" time="2.124"/>
  <system-out/>
</testsuite> <!-- testpkg.Fbcreatetest$Fblogintest -->
