<?xml version="1.0" encoding="UTF-8"?>
<!-- Generated by org.testng.reporters.JUnitReportReporter -->
<testsuite hostname="LAPTOP-4513KI40" failures="0" tests="1" name="testngpkg.Redifradiobutton" time="0.044" errors="0" timestamp="2024-04-12T18:51:16 IST" skipped="0">
  <testcase classname="testngpkg.Redifradiobutton" name="test" time="0.044"/>
  <system-out/>
</testsuite> <!-- testngpkg.Redifradiobutton -->
