<?xml version="1.0" encoding="UTF-8"?>
<!-- Generated by org.testng.reporters.JUnitReportReporter -->
<testsuite hostname="LAPTOP-4513KI40" failures="0" tests="1" name="testngpkg.Disablingnotification" time="30.787" errors="0" timestamp="2024-04-18T12:25:03 IST" skipped="0">
  <testcase classname="testngpkg.Disablingnotification" name="test" time="30.787"/>
  <system-out/>
</testsuite> <!-- testngpkg.Disablingnotification -->
