<?xml version="1.0" encoding="UTF-8"?>
<!-- Generated by org.testng.reporters.JUnitReportReporter -->
<testsuite hostname="LAPTOP-4513KI40" failures="0" tests="1" name="testngpkg.Draganddrop$Ebay" time="2.140" errors="0" timestamp="2024-04-12T12:22:57 IST" skipped="0">
  <testcase classname="testngpkg.Draganddrop$Ebay" name="test2" time="2.140"/>
  <system-out/>
</testsuite> <!-- testngpkg.Draganddrop$Ebay -->
