<?xml version="1.0" encoding="UTF-8"?>
<!-- Generated by org.testng.reporters.JUnitReportReporter -->
<testsuite hostname="LAPTOP-4513KI40" failures="0" tests="1" name="testngpkg.Login" time="2.886" errors="0" timestamp="2024-04-16T12:10:50 IST" skipped="0">
  <testcase classname="testngpkg.Login" name="account" time="2.886"/>
  <system-out/>
</testsuite> <!-- testngpkg.Login -->
