<?xml version="1.0" encoding="UTF-8"?>
<!-- Generated by org.testng.reporters.JUnitReportReporter -->
<testsuite hostname="LAPTOP-4513KI40" failures="0" tests="1" name="testngpkg.Ebay" time="6.970" errors="0" timestamp="2024-04-16T10:37:50 IST" skipped="0">
  <testcase classname="testngpkg.Ebay" name="test" time="6.970"/>
  <system-out/>
</testsuite> <!-- testngpkg.Ebay -->
