<?xml version="1.0" encoding="UTF-8"?>
<!-- Generated by org.testng.reporters.JUnitReportReporter -->
<testsuite hostname="LAPTOP-4513KI40" failures="0" tests="3" name="testngpkg.CrossBrowserTest" time="19.280" errors="0" timestamp="2024-04-09T12:26:05 IST" skipped="0">
  <testcase classname="testngpkg.CrossBrowserTest" name="test" time="5.079"/>
  <system-out/>
  <testcase classname="testngpkg.CrossBrowserTest" name="test" time="9.951"/>
  <system-out/>
  <testcase classname="testngpkg.CrossBrowserTest" name="test" time="4.250"/>
  <system-out/>
</testsuite> <!-- testngpkg.CrossBrowserTest -->
