<?xml version="1.0" encoding="UTF-8"?>
<!-- Generated by org.testng.reporters.JUnitReportReporter -->
<testsuite hostname="LAPTOP-4513KI40" failures="0" tests="2" name="testngpkg.Testngdemo" time="0.009" errors="0" timestamp="2024-04-08T12:42:19 IST" skipped="0">
  <testcase classname="testngpkg.Testngdemo" name="test1" time="0.005"/>
  <system-out/>
  <testcase classname="testngpkg.Testngdemo" name="test2" time="0.004"/>
  <system-out/>
</testsuite> <!-- testngpkg.Testngdemo -->
