<?xml version="1.0" encoding="UTF-8"?>
<!-- Generated by org.testng.reporters.JUnitReportReporter -->
<testsuite hostname="LAPTOP-4513KI40" failures="0" tests="1" name="testngpkg.Fileuploadsautoit" time="25.066" errors="0" timestamp="2024-04-19T10:04:30 IST" skipped="0">
  <testcase classname="testngpkg.Fileuploadsautoit" name="fileuploadpgm" time="25.066"/>
  <system-out/>
</testsuite> <!-- testngpkg.Fileuploadsautoit -->
