<?xml version="1.0" encoding="UTF-8"?>
<!-- Generated by org.testng.reporters.JUnitReportReporter -->
<testsuite hostname="LAPTOP-4513KI40" failures="0" tests="1" name="testngpkg.Amazonwindowshandler" time="7.079" errors="0" timestamp="2024-04-20T12:25:47 IST" skipped="0">
  <testcase classname="testngpkg.Amazonwindowshandler" name="setValues" time="7.079"/>
  <system-out/>
</testsuite> <!-- testngpkg.Amazonwindowshandler -->
