<?xml version="1.0" encoding="UTF-8"?>
<!-- Generated by org.testng.reporters.JUnitReportReporter -->
<testsuite hostname="LAPTOP-4513KI40" failures="0" tests="1" name="testngpkg.Fileuploadrobot" time="10.714" errors="0" timestamp="2024-04-18T11:57:45 IST" skipped="0">
  <testcase classname="testngpkg.Fileuploadrobot" name="fileuploadpgm" time="10.714"/>
  <system-out/>
</testsuite> <!-- testngpkg.Fileuploadrobot -->
