<?xml version="1.0" encoding="UTF-8"?>
<!-- Generated by org.testng.reporters.JUnitReportReporter -->
<testsuite hostname="LAPTOP-4513KI40" failures="0" tests="1" name="testngpkg.Assertionpgm" time="0.020" errors="0" timestamp="2024-04-22T19:35:01 IST" skipped="0">
  <testcase classname="testngpkg.Assertionpgm" name="test" time="0.020"/>
  <system-out/>
</testsuite> <!-- testngpkg.Assertionpgm -->
