<?xml version="1.0" encoding="UTF-8"?>
<!-- Generated by org.testng.reporters.JUnitReportReporter -->
<testsuite hostname="LAPTOP-4513KI40" failures="0" tests="1" name="testngpkg.Clicking" time="2.284" errors="0" timestamp="2024-04-15T22:30:41 IST" skipped="0">
  <testcase classname="testngpkg.Clicking" name="test" time="2.284"/>
  <system-out/>
</testsuite> <!-- testngpkg.Clicking -->
