<?xml version="1.0" encoding="UTF-8"?>
<!-- Generated by org.testng.reporters.JUnitReportReporter -->
<testsuite hostname="LAPTOP-4513KI40" failures="0" tests="1" name="testngpkg.Amazontabhandling" time="11.662" errors="0" timestamp="2024-04-20T12:31:17 IST" skipped="0">
  <testcase classname="testngpkg.Amazontabhandling" name="setvalues" time="11.662"/>
  <system-out/>
</testsuite> <!-- testngpkg.Amazontabhandling -->
