<?xml version="1.0" encoding="UTF-8"?>
<!-- Generated by org.testng.reporters.JUnitReportReporter -->
<testsuite hostname="LAPTOP-4513KI40" failures="0" tests="1" name="testngpkg.Datepicker" time="5.558" errors="0" timestamp="2024-04-23T12:41:24 IST" skipped="0">
  <testcase classname="testngpkg.Datepicker" name="datepicker" time="5.558"/>
  <system-out/>
</testsuite> <!-- testngpkg.Datepicker -->
