<?xml version="1.0" encoding="UTF-8"?>
<!-- Generated by org.testng.reporters.JUnitReportReporter -->
<testsuite hostname="LAPTOP-4513KI40" failures="0" tests="1" name="testngpkg.Copypaste" time="0.788" errors="0" timestamp="2024-04-11T11:34:07 IST" skipped="0">
  <testcase classname="testngpkg.Copypaste" name="test" time="0.788"/>
  <system-out/>
</testsuite> <!-- testngpkg.Copypaste -->
